<?xml version="1.0" encoding="UTF-8"?>
<!-- Generated by org.testng.reporters.JUnitReportReporter -->
<testsuite skipped="0" hostname="IBM908-PC0GJ27K" name="com.training.testjenkins.Login_Test" tests="1" failures="0" timestamp="16 Jul 2019 11:02:32 GMT" time="0.149" errors="0">
  <testcase name="LoginTestCase" time="0.149" classname="com.training.testjenkins.Login_Test"/>
</testsuite> <!-- com.training.testjenkins.Login_Test -->
